<?xml version="1.0" encoding="UTF-8"?>
<TestRun id="99f9de9e-4fc5-4097-a197-80341773122a" name="Andy@ENIGMA 2011-11-15 20:34:32" runUser="Enigma\Andy" xmlns="http://microsoft.com/schemas/VisualStudio/TeamTest/2010">
  <TestSettings name="Local" id="f957d005-469b-4c19-b05c-24dab245c4dd">
    <Description>These are default test settings for a local test run.</Description>
    <Deployment enabled="false" runDeploymentRoot="Andy_ENIGMA 2011-11-15 20_34_32">
      <DeploymentItem filename="c:\users\andy\documents\visual studio 2010\Projects\EtwConsole\EtwConsole\bin\Debug\EtwConsole.exe" />
    </Deployment>
    <Execution>
      <TestTypeSpecific />
      <AgentRule name="Execution Agents">
      </AgentRule>
    </Execution>
  </TestSettings>
  <Times creation="2011-11-15T20:34:32.4850186-08:00" queuing="2011-11-15T20:34:32.6750295-08:00" start="2011-11-15T20:34:32.7230322-08:00" finish="2011-11-15T20:34:33.3420676-08:00" />
  <ResultSummary outcome="Completed">
    <Counters total="1" executed="1" passed="1" error="0" failed="0" timeout="0" aborted="0" inconclusive="0" passedButRunAborted="0" notRunnable="0" notExecuted="0" disconnected="0" warning="0" completed="0" inProgress="0" pending="0" />
  </ResultSummary>
  <TestDefinitions>
    <UnitTest name="CreateTestXmlFile" storage="c:\users\andy\documents\visual studio 2010\projects\etwconsole\unittests\bin\debug\unittests.dll" id="04116f25-f4ab-90e8-6a5b-9e6c9097ba8f">
      <Execution id="6f25f8d4-3e96-4861-a8cb-e0c4e092071f" />
      <TestMethod codeBase="c:/users/andy/documents/visual studio 2010/Projects/EtwConsole/UnitTests/bin/Debug/UnitTests.DLL" adapterTypeName="Microsoft.VisualStudio.TestTools.TestTypes.Unit.UnitTestAdapter, Microsoft.VisualStudio.QualityTools.Tips.UnitTest.Adapter, Version=10.0.0.0, Culture=neutral, PublicKeyToken=b03f5f7f11d50a3a" className="UnitTests.ProgamTests, UnitTests, Version=1.0.0.0, Culture=neutral, PublicKeyToken=null" name="CreateTestXmlFile" />
    </UnitTest>
  </TestDefinitions>
  <TestLists>
    <TestList name="Results Not in a List" id="8c84fa94-04c1-424b-9868-57a2d4851a1d" />
    <TestList name="All Loaded Results" id="19431567-8539-422a-85d7-44ee4e166bda" />
  </TestLists>
  <TestEntries>
    <TestEntry testId="04116f25-f4ab-90e8-6a5b-9e6c9097ba8f" executionId="6f25f8d4-3e96-4861-a8cb-e0c4e092071f" testListId="8c84fa94-04c1-424b-9868-57a2d4851a1d" />
  </TestEntries>
  <Results>
    <UnitTestResult executionId="6f25f8d4-3e96-4861-a8cb-e0c4e092071f" testId="04116f25-f4ab-90e8-6a5b-9e6c9097ba8f" testName="CreateTestXmlFile" computerName="ENIGMA" duration="00:00:00.1616630" startTime="2011-11-15T20:34:32.7340328-08:00" endTime="2011-11-15T20:34:33.2380617-08:00" testType="13cdc9d9-ddb5-4fa4-a97d-d965ccfc6d4b" outcome="Passed" testListId="8c84fa94-04c1-424b-9868-57a2d4851a1d" relativeResultsDirectory="6f25f8d4-3e96-4861-a8cb-e0c4e092071f">
    </UnitTestResult>
  </Results>
</TestRun>